  Source.cpp
C:\Program Files (x86)\Windows Kits\10\Include\10.0.22621.0\um\GL\gl.h(1157,11): error C2144: syntax error: 'void' should be preceded by ';'
  (compiling source file 'Source.cpp')
  
C:\Program Files (x86)\Windows Kits\10\Include\10.0.22621.0\um\GL\gl.h(1157,16): error C4430: missing type specifier - int assumed. Note: C++ does not support default-int
  (compiling source file 'Source.cpp')
  
C:\Program Files (x86)\Windows Kits\10\Include\10.0.22621.0\um\GL\gl.h(1157,16): error C2182: 'APIENTRY': this use of 'void' is not valid
  (compiling source file 'Source.cpp')
  
C:\Program Files (x86)\Windows Kits\10\Include\10.0.22621.0\um\GL\gl.h(1157,25): error C2146: syntax error: missing ';' before identifier 'glAccum'
  (compiling source file 'Source.cpp')
  
C:\Program Files (x86)\Windows Kits\10\Include\10.0.22621.0\um\GL\gl.h(1157,59): error C4430: missing type specifier - int assumed. Note: C++ does not support default-int
  (compiling source file 'Source.cpp')
  
C:\Program Files (x86)\Windows Kits\10\Include\10.0.22621.0\um\GL\gl.h(1158,11): error C2144: syntax error: 'void' should be preceded by ';'
  (compiling source file 'Source.cpp')
  
C:\Program Files (x86)\Windows Kits\10\Include\10.0.22621.0\um\GL\gl.h(1158,16): error C4430: missing type specifier - int assumed. Note: C++ does not support default-int
  (compiling source file 'Source.cpp')
  
C:\Program Files (x86)\Windows Kits\10\Include\10.0.22621.0\um\GL\gl.h(1158,1): error C2086: 'int WINGDIAPI': redefinition
  (compiling source file 'Source.cpp')
  C:\Program Files (x86)\Windows Kits\10\Include\10.0.22621.0\um\GL\gl.h(1157,1):
  see declaration of 'WINGDIAPI'
  
C:\Program Files (x86)\Windows Kits\10\Include\10.0.22621.0\um\GL\gl.h(1158,16): error C2182: 'APIENTRY': this use of 'void' is not valid
  (compiling source file 'Source.cpp')
  
C:\Program Files (x86)\Windows Kits\10\Include\10.0.22621.0\um\GL\gl.h(1158,16): error C2086: 'int APIENTRY': redefinition
  (compiling source file 'Source.cpp')
  C:\Program Files (x86)\Windows Kits\10\Include\10.0.22621.0\um\GL\gl.h(1157,16):
  see declaration of 'APIENTRY'
  
C:\Program Files (x86)\Windows Kits\10\Include\10.0.22621.0\um\GL\gl.h(1158,25): error C2146: syntax error: missing ';' before identifier 'glAlphaFunc'
  (compiling source file 'Source.cpp')
  
C:\Program Files (x86)\Windows Kits\10\Include\10.0.22621.0\um\GL\gl.h(1158,64): error C4430: missing type specifier - int assumed. Note: C++ does not support default-int
  (compiling source file 'Source.cpp')
  
C:\Program Files (x86)\Windows Kits\10\Include\10.0.22621.0\um\GL\gl.h(1159,21): error C4430: missing type specifier - int assumed. Note: C++ does not support default-int
  (compiling source file 'Source.cpp')
  
C:\Program Files (x86)\Windows Kits\10\Include\10.0.22621.0\um\GL\gl.h(1159,1): error C2086: 'int WINGDIAPI': redefinition
  (compiling source file 'Source.cpp')
  C:\Program Files (x86)\Windows Kits\10\Include\10.0.22621.0\um\GL\gl.h(1157,1):
  see declaration of 'WINGDIAPI'
  
C:\Program Files (x86)\Windows Kits\10\Include\10.0.22621.0\um\GL\gl.h(1159,11): error C2146: syntax error: missing ';' before identifier 'GLboolean'
  (compiling source file 'Source.cpp')
  
C:\Program Files (x86)\Windows Kits\10\Include\10.0.22621.0\um\GL\gl.h(1160,11): error C2144: syntax error: 'void' should be preceded by ';'
  (compiling source file 'Source.cpp')
  
C:\Program Files (x86)\Windows Kits\10\Include\10.0.22621.0\um\GL\gl.h(1160,16): error C4430: missing type specifier - int assumed. Note: C++ does not support default-int
  (compiling source file 'Source.cpp')
  
C:\Program Files (x86)\Windows Kits\10\Include\10.0.22621.0\um\GL\gl.h(1160,1): error C2086: 'int WINGDIAPI': redefinition
  (compiling source file 'Source.cpp')
  C:\Program Files (x86)\Windows Kits\10\Include\10.0.22621.0\um\GL\gl.h(1157,1):
  see declaration of 'WINGDIAPI'
  
C:\Program Files (x86)\Windows Kits\10\Include\10.0.22621.0\um\GL\gl.h(1160,16): error C2182: 'APIENTRY': this use of 'void' is not valid
  (compiling source file 'Source.cpp')
  
C:\Program Files (x86)\Windows Kits\10\Include\10.0.22621.0\um\GL\gl.h(1160,16): error C2086: 'int APIENTRY': redefinition
  (compiling source file 'Source.cpp')
  C:\Program Files (x86)\Windows Kits\10\Include\10.0.22621.0\um\GL\gl.h(1157,16):
  see declaration of 'APIENTRY'
  
C:\Program Files (x86)\Windows Kits\10\Include\10.0.22621.0\um\GL\gl.h(1160,25): error C2146: syntax error: missing ';' before identifier 'glArrayElement'
  (compiling source file 'Source.cpp')
  
C:\Program Files (x86)\Windows Kits\10\Include\10.0.22621.0\um\GL\gl.h(1160,49): error C4430: missing type specifier - int assumed. Note: C++ does not support default-int
  (compiling source file 'Source.cpp')
  
C:\Program Files (x86)\Windows Kits\10\Include\10.0.22621.0\um\GL\gl.h(1161,11): error C2144: syntax error: 'void' should be preceded by ';'
  (compiling source file 'Source.cpp')
  
C:\Program Files (x86)\Windows Kits\10\Include\10.0.22621.0\um\GL\gl.h(1161,16): error C4430: missing type specifier - int assumed. Note: C++ does not support default-int
  (compiling source file 'Source.cpp')
  
C:\Program Files (x86)\Windows Kits\10\Include\10.0.22621.0\um\GL\gl.h(1161,1): error C2086: 'int WINGDIAPI': redefinition
  (compiling source file 'Source.cpp')
  C:\Program Files (x86)\Windows Kits\10\Include\10.0.22621.0\um\GL\gl.h(1157,1):
  see declaration of 'WINGDIAPI'
  
C:\Program Files (x86)\Windows Kits\10\Include\10.0.22621.0\um\GL\gl.h(1161,16): error C2182: 'APIENTRY': this use of 'void' is not valid
  (compiling source file 'Source.cpp')
  
C:\Program Files (x86)\Windows Kits\10\Include\10.0.22621.0\um\GL\gl.h(1161,16): error C2086: 'int APIENTRY': redefinition
  (compiling source file 'Source.cpp')
  C:\Program Files (x86)\Windows Kits\10\Include\10.0.22621.0\um\GL\gl.h(1157,16):
  see declaration of 'APIENTRY'
  
C:\Program Files (x86)\Windows Kits\10\Include\10.0.22621.0\um\GL\gl.h(1161,25): error C2146: syntax error: missing ';' before identifier 'glBegin'
  (compiling source file 'Source.cpp')
  
C:\Program Files (x86)\Windows Kits\10\Include\10.0.22621.0\um\GL\gl.h(1161,46): error C4430: missing type specifier - int assumed. Note: C++ does not support default-int
  (compiling source file 'Source.cpp')
  
C:\Program Files (x86)\Windows Kits\10\Include\10.0.22621.0\um\GL\gl.h(1162,11): error C2144: syntax error: 'void' should be preceded by ';'
  (compiling source file 'Source.cpp')
  
C:\Program Files (x86)\Windows Kits\10\Include\10.0.22621.0\um\GL\gl.h(1162,16): error C4430: missing type specifier - int assumed. Note: C++ does not support default-int
  (compiling source file 'Source.cpp')
  
C:\Program Files (x86)\Windows Kits\10\Include\10.0.22621.0\um\GL\gl.h(1162,1): error C2086: 'int WINGDIAPI': redefinition
  (compiling source file 'Source.cpp')
  C:\Program Files (x86)\Windows Kits\10\Include\10.0.22621.0\um\GL\gl.h(1157,1):
  see declaration of 'WINGDIAPI'
  
C:\Program Files (x86)\Windows Kits\10\Include\10.0.22621.0\um\GL\gl.h(1162,16): error C2182: 'APIENTRY': this use of 'void' is not valid
  (compiling source file 'Source.cpp')
  
C:\Program Files (x86)\Windows Kits\10\Include\10.0.22621.0\um\GL\gl.h(1162,16): error C2086: 'int APIENTRY': redefinition
  (compiling source file 'Source.cpp')
  C:\Program Files (x86)\Windows Kits\10\Include\10.0.22621.0\um\GL\gl.h(1157,16):
  see declaration of 'APIENTRY'
  
C:\Program Files (x86)\Windows Kits\10\Include\10.0.22621.0\um\GL\gl.h(1162,25): error C2146: syntax error: missing ';' before identifier 'glBindTexture'
  (compiling source file 'Source.cpp')
  
C:\Program Files (x86)\Windows Kits\10\Include\10.0.22621.0\um\GL\gl.h(1162,70): error C4430: missing type specifier - int assumed. Note: C++ does not support default-int
  (compiling source file 'Source.cpp')
  
C:\Program Files (x86)\Windows Kits\10\Include\10.0.22621.0\um\GL\gl.h(1163,11): error C2144: syntax error: 'void' should be preceded by ';'
  (compiling source file 'Source.cpp')
  
C:\Program Files (x86)\Windows Kits\10\Include\10.0.22621.0\um\GL\gl.h(1163,16): error C4430: missing type specifier - int assumed. Note: C++ does not support default-int
  (compiling source file 'Source.cpp')
  
C:\Program Files (x86)\Windows Kits\10\Include\10.0.22621.0\um\GL\gl.h(1163,1): error C2086: 'int WINGDIAPI': redefinition
  (compiling source file 'Source.cpp')
  C:\Program Files (x86)\Windows Kits\10\Include\10.0.22621.0\um\GL\gl.h(1157,1):
  see declaration of 'WINGDIAPI'
  
C:\Program Files (x86)\Windows Kits\10\Include\10.0.22621.0\um\GL\gl.h(1163,16): error C2182: 'APIENTRY': this use of 'void' is not valid
  (compiling source file 'Source.cpp')
  
C:\Program Files (x86)\Windows Kits\10\Include\10.0.22621.0\um\GL\gl.h(1163,16): error C2086: 'int APIENTRY': redefinition
  (compiling source file 'Source.cpp')
  C:\Program Files (x86)\Windows Kits\10\Include\10.0.22621.0\um\GL\gl.h(1157,16):
  see declaration of 'APIENTRY'
  
C:\Program Files (x86)\Windows Kits\10\Include\10.0.22621.0\um\GL\gl.h(1163,25): error C2146: syntax error: missing ';' before identifier 'glBitmap'
  (compiling source file 'Source.cpp')
  
C:\Program Files (x86)\Windows Kits\10\Include\10.0.22621.0\um\GL\gl.h(1163,148): error C4430: missing type specifier - int assumed. Note: C++ does not support default-int
  (compiling source file 'Source.cpp')
  
C:\Program Files (x86)\Windows Kits\10\Include\10.0.22621.0\um\GL\gl.h(1164,11): error C2144: syntax error: 'void' should be preceded by ';'
  (compiling source file 'Source.cpp')
  
C:\Program Files (x86)\Windows Kits\10\Include\10.0.22621.0\um\GL\gl.h(1164,16): error C4430: missing type specifier - int assumed. Note: C++ does not support default-int
  (compiling source file 'Source.cpp')
  
C:\Program Files (x86)\Windows Kits\10\Include\10.0.22621.0\um\GL\gl.h(1164,1): error C2086: 'int WINGDIAPI': redefinition
  (compiling source file 'Source.cpp')
  C:\Program Files (x86)\Windows Kits\10\Include\10.0.22621.0\um\GL\gl.h(1157,1):
  see declaration of 'WINGDIAPI'
  
C:\Program Files (x86)\Windows Kits\10\Include\10.0.22621.0\um\GL\gl.h(1164,16): error C2182: 'APIENTRY': this use of 'void' is not valid
  (compiling source file 'Source.cpp')
  
C:\Program Files (x86)\Windows Kits\10\Include\10.0.22621.0\um\GL\gl.h(1164,16): error C2086: 'int APIENTRY': redefinition
  (compiling source file 'Source.cpp')
  C:\Program Files (x86)\Windows Kits\10\Include\10.0.22621.0\um\GL\gl.h(1157,16):
  see declaration of 'APIENTRY'
  
C:\Program Files (x86)\Windows Kits\10\Include\10.0.22621.0\um\GL\gl.h(1164,25): error C2146: syntax error: missing ';' before identifier 'glBlendFunc'
  (compiling source file 'Source.cpp')
  
C:\Program Files (x86)\Windows Kits\10\Include\10.0.22621.0\um\GL\gl.h(1164,69): error C4430: missing type specifier - int assumed. Note: C++ does not support default-int
  (compiling source file 'Source.cpp')
  
C:\Program Files (x86)\Windows Kits\10\Include\10.0.22621.0\um\GL\gl.h(1165,11): error C2144: syntax error: 'void' should be preceded by ';'
  (compiling source file 'Source.cpp')
  
C:\Program Files (x86)\Windows Kits\10\Include\10.0.22621.0\um\GL\gl.h(1165,16): error C4430: missing type specifier - int assumed. Note: C++ does not support default-int
  (compiling source file 'Source.cpp')
  
C:\Program Files (x86)\Windows Kits\10\Include\10.0.22621.0\um\GL\gl.h(1165,1): error C2086: 'int WINGDIAPI': redefinition
  (compiling source file 'Source.cpp')
  C:\Program Files (x86)\Windows Kits\10\Include\10.0.22621.0\um\GL\gl.h(1157,1):
  see declaration of 'WINGDIAPI'
  
C:\Program Files (x86)\Windows Kits\10\Include\10.0.22621.0\um\GL\gl.h(1165,16): error C2182: 'APIENTRY': this use of 'void' is not valid
  (compiling source file 'Source.cpp')
  
C:\Program Files (x86)\Windows Kits\10\Include\10.0.22621.0\um\GL\gl.h(1165,16): error C2086: 'int APIENTRY': redefinition
  (compiling source file 'Source.cpp')
  C:\Program Files (x86)\Windows Kits\10\Include\10.0.22621.0\um\GL\gl.h(1157,16):
  see declaration of 'APIENTRY'
  
C:\Program Files (x86)\Windows Kits\10\Include\10.0.22621.0\um\GL\gl.h(1165,25): error C2146: syntax error: missing ';' before identifier 'glCallList'
  (compiling source file 'Source.cpp')
  
C:\Program Files (x86)\Windows Kits\10\Include\10.0.22621.0\um\GL\gl.h(1165,49): error C4430: missing type specifier - int assumed. Note: C++ does not support default-int
  (compiling source file 'Source.cpp')
  
C:\Program Files (x86)\Windows Kits\10\Include\10.0.22621.0\um\GL\gl.h(1166,11): error C2144: syntax error: 'void' should be preceded by ';'
  (compiling source file 'Source.cpp')
  
C:\Program Files (x86)\Windows Kits\10\Include\10.0.22621.0\um\GL\gl.h(1166,16): error C4430: missing type specifier - int assumed. Note: C++ does not support default-int
  (compiling source file 'Source.cpp')
  
C:\Program Files (x86)\Windows Kits\10\Include\10.0.22621.0\um\GL\gl.h(1166,1): error C2086: 'int WINGDIAPI': redefinition
  (compiling source file 'Source.cpp')
  C:\Program Files (x86)\Windows Kits\10\Include\10.0.22621.0\um\GL\gl.h(1157,1):
  see declaration of 'WINGDIAPI'
  
C:\Program Files (x86)\Windows Kits\10\Include\10.0.22621.0\um\GL\gl.h(1166,16): error C2182: 'APIENTRY': this use of 'void' is not valid
  (compiling source file 'Source.cpp')
  
C:\Program Files (x86)\Windows Kits\10\Include\10.0.22621.0\um\GL\gl.h(1166,16): error C2086: 'int APIENTRY': redefinition
  (compiling source file 'Source.cpp')
  C:\Program Files (x86)\Windows Kits\10\Include\10.0.22621.0\um\GL\gl.h(1157,16):
  see declaration of 'APIENTRY'
  
C:\Program Files (x86)\Windows Kits\10\Include\10.0.22621.0\um\GL\gl.h(1166,25): error C2146: syntax error: missing ';' before identifier 'glCallLists'
  (compiling source file 'Source.cpp')
  
C:\Program Files (x86)\Windows Kits\10\Include\10.0.22621.0\um\GL\gl.h(1166,82): error C4430: missing type specifier - int assumed. Note: C++ does not support default-int
  (compiling source file 'Source.cpp')
  
C:\Program Files (x86)\Windows Kits\10\Include\10.0.22621.0\um\GL\gl.h(1167,11): error C2144: syntax error: 'void' should be preceded by ';'
  (compiling source file 'Source.cpp')
  
C:\Program Files (x86)\Windows Kits\10\Include\10.0.22621.0\um\GL\gl.h(1167,16): error C4430: missing type specifier - int assumed. Note: C++ does not support default-int
  (compiling source file 'Source.cpp')
  
C:\Program Files (x86)\Windows Kits\10\Include\10.0.22621.0\um\GL\gl.h(1167,1): error C2086: 'int WINGDIAPI': redefinition
  (compiling source file 'Source.cpp')
  C:\Program Files (x86)\Windows Kits\10\Include\10.0.22621.0\um\GL\gl.h(1157,1):
  see declaration of 'WINGDIAPI'
  
C:\Program Files (x86)\Windows Kits\10\Include\10.0.22621.0\um\GL\gl.h(1167,16): error C2182: 'APIENTRY': this use of 'void' is not valid
  (compiling source file 'Source.cpp')
  
C:\Program Files (x86)\Windows Kits\10\Include\10.0.22621.0\um\GL\gl.h(1167,16): error C2086: 'int APIENTRY': redefinition
  (compiling source file 'Source.cpp')
  C:\Program Files (x86)\Windows Kits\10\Include\10.0.22621.0\um\GL\gl.h(1157,16):
  see declaration of 'APIENTRY'
  
C:\Program Files (x86)\Windows Kits\10\Include\10.0.22621.0\um\GL\gl.h(1167,25): error C2146: syntax error: missing ';' before identifier 'glClear'
  (compiling source file 'Source.cpp')
  
C:\Program Files (x86)\Windows Kits\10\Include\10.0.22621.0\um\GL\gl.h(1167,50): error C4430: missing type specifier - int assumed. Note: C++ does not support default-int
  (compiling source file 'Source.cpp')
  
C:\Program Files (x86)\Windows Kits\10\Include\10.0.22621.0\um\GL\gl.h(1168,11): error C2144: syntax error: 'void' should be preceded by ';'
  (compiling source file 'Source.cpp')
  
C:\Program Files (x86)\Windows Kits\10\Include\10.0.22621.0\um\GL\gl.h(1168,16): error C4430: missing type specifier - int assumed. Note: C++ does not support default-int
  (compiling source file 'Source.cpp')
  
C:\Program Files (x86)\Windows Kits\10\Include\10.0.22621.0\um\GL\gl.h(1168,1): error C2086: 'int WINGDIAPI': redefinition
  (compiling source file 'Source.cpp')
  C:\Program Files (x86)\Windows Kits\10\Include\10.0.22621.0\um\GL\gl.h(1157,1):
  see declaration of 'WINGDIAPI'
  
C:\Program Files (x86)\Windows Kits\10\Include\10.0.22621.0\um\GL\gl.h(1168,16): error C2182: 'APIENTRY': this use of 'void' is not valid
  (compiling source file 'Source.cpp')
  
C:\Program Files (x86)\Windows Kits\10\Include\10.0.22621.0\um\GL\gl.h(1168,16): error C2086: 'int APIENTRY': redefinition
  (compiling source file 'Source.cpp')
  C:\Program Files (x86)\Windows Kits\10\Include\10.0.22621.0\um\GL\gl.h(1157,16):
  see declaration of 'APIENTRY'
  
C:\Program Files (x86)\Windows Kits\10\Include\10.0.22621.0\um\GL\gl.h(1168,25): error C2146: syntax error: missing ';' before identifier 'glClearAccum'
  (compiling source file 'Source.cpp')
  
C:\Program Files (x86)\Windows Kits\10\Include\10.0.22621.0\um\GL\gl.h(1168,95): error C4430: missing type specifier - int assumed. Note: C++ does not support default-int
  (compiling source file 'Source.cpp')
  
C:\Program Files (x86)\Windows Kits\10\Include\10.0.22621.0\um\GL\gl.h(1169,11): error C2144: syntax error: 'void' should be preceded by ';'
  (compiling source file 'Source.cpp')
  
C:\Program Files (x86)\Windows Kits\10\Include\10.0.22621.0\um\GL\gl.h(1169,16): error C4430: missing type specifier - int assumed. Note: C++ does not support default-int
  (compiling source file 'Source.cpp')
  
C:\Program Files (x86)\Windows Kits\10\Include\10.0.22621.0\um\GL\gl.h(1169,1): error C2086: 'int WINGDIAPI': redefinition
  (compiling source file 'Source.cpp')
  C:\Program Files (x86)\Windows Kits\10\Include\10.0.22621.0\um\GL\gl.h(1157,1):
  see declaration of 'WINGDIAPI'
  
C:\Program Files (x86)\Windows Kits\10\Include\10.0.22621.0\um\GL\gl.h(1169,16): error C2182: 'APIENTRY': this use of 'void' is not valid
  (compiling source file 'Source.cpp')
  
C:\Program Files (x86)\Windows Kits\10\Include\10.0.22621.0\um\GL\gl.h(1169,16): error C2086: 'int APIENTRY': redefinition
  (compiling source file 'Source.cpp')
  C:\Program Files (x86)\Windows Kits\10\Include\10.0.22621.0\um\GL\gl.h(1157,16):
  see declaration of 'APIENTRY'
  
C:\Program Files (x86)\Windows Kits\10\Include\10.0.22621.0\um\GL\gl.h(1169,25): error C2146: syntax error: missing ';' before identifier 'glClearColor'
  (compiling source file 'Source.cpp')
  
C:\Program Files (x86)\Windows Kits\10\Include\10.0.22621.0\um\GL\gl.h(1169,99): error C4430: missing type specifier - int assumed. Note: C++ does not support default-int
  (compiling source file 'Source.cpp')
  
C:\Program Files (x86)\Windows Kits\10\Include\10.0.22621.0\um\GL\gl.h(1170,11): error C2144: syntax error: 'void' should be preceded by ';'
  (compiling source file 'Source.cpp')
  
C:\Program Files (x86)\Windows Kits\10\Include\10.0.22621.0\um\GL\gl.h(1170,16): error C4430: missing type specifier - int assumed. Note: C++ does not support default-int
  (compiling source file 'Source.cpp')
  
C:\Program Files (x86)\Windows Kits\10\Include\10.0.22621.0\um\GL\gl.h(1170,1): error C2086: 'int WINGDIAPI': redefinition
  (compiling source file 'Source.cpp')
  C:\Program Files (x86)\Windows Kits\10\Include\10.0.22621.0\um\GL\gl.h(1157,1):
  see declaration of 'WINGDIAPI'
  
C:\Program Files (x86)\Windows Kits\10\Include\10.0.22621.0\um\GL\gl.h(1170,16): error C2182: 'APIENTRY': this use of 'void' is not valid
  (compiling source file 'Source.cpp')
  
C:\Program Files (x86)\Windows Kits\10\Include\10.0.22621.0\um\GL\gl.h(1170,16): error C2086: 'int APIENTRY': redefinition
  (compiling source file 'Source.cpp')
  C:\Program Files (x86)\Windows Kits\10\Include\10.0.22621.0\um\GL\gl.h(1157,16):
  see declaration of 'APIENTRY'
  
C:\Program Files (x86)\Windows Kits\10\Include\10.0.22621.0\um\GL\gl.h(1170,25): error C2146: syntax error: missing ';' before identifier 'glClearDepth'
  (compiling source file 'Source.cpp')
  
C:\Program Files (x86)\Windows Kits\10\Include\10.0.22621.0\um\GL\gl.h(1170,54): error C4430: missing type specifier - int assumed. Note: C++ does not support default-int
  (compiling source file 'Source.cpp')
  
C:\Program Files (x86)\Windows Kits\10\Include\10.0.22621.0\um\GL\gl.h(1171,11): error C2144: syntax error: 'void' should be preceded by ';'
  (compiling source file 'Source.cpp')
  
C:\Program Files (x86)\Windows Kits\10\Include\10.0.22621.0\um\GL\gl.h(1171,16): error C4430: missing type specifier - int assumed. Note: C++ does not support default-int
  (compiling source file 'Source.cpp')
  
C:\Program Files (x86)\Windows Kits\10\Include\10.0.22621.0\um\GL\gl.h(1171,1): error C2086: 'int WINGDIAPI': redefinition
  (compiling source file 'Source.cpp')
  C:\Program Files (x86)\Windows Kits\10\Include\10.0.22621.0\um\GL\gl.h(1157,1):
  see declaration of 'WINGDIAPI'
  
C:\Program Files (x86)\Windows Kits\10\Include\10.0.22621.0\um\GL\gl.h(1171,16): error C2182: 'APIENTRY': this use of 'void' is not valid
  (compiling source file 'Source.cpp')
  
C:\Program Files (x86)\Windows Kits\10\Include\10.0.22621.0\um\GL\gl.h(1171,16): error C2086: 'int APIENTRY': redefinition
  (compiling source file 'Source.cpp')
  C:\Program Files (x86)\Windows Kits\10\Include\10.0.22621.0\um\GL\gl.h(1157,16):
  see declaration of 'APIENTRY'
  
C:\Program Files (x86)\Windows Kits\10\Include\10.0.22621.0\um\GL\gl.h(1171,25): error C2146: syntax error: missing ';' before identifier 'glClearIndex'
  (compiling source file 'Source.cpp')
  
C:\Program Files (x86)\Windows Kits\10\Include\10.0.22621.0\um\GL\gl.h(1171,49): error C4430: missing type specifier - int assumed. Note: C++ does not support default-int
  (compiling source file 'Source.cpp')
  
C:\Program Files (x86)\Windows Kits\10\Include\10.0.22621.0\um\GL\gl.h(1172,11): error C2144: syntax error: 'void' should be preceded by ';'
  (compiling source file 'Source.cpp')
  
C:\Program Files (x86)\Windows Kits\10\Include\10.0.22621.0\um\GL\gl.h(1172,16): error C4430: missing type specifier - int assumed. Note: C++ does not support default-int
  (compiling source file 'Source.cpp')
  
C:\Program Files (x86)\Windows Kits\10\Include\10.0.22621.0\um\GL\gl.h(1172,1): error C2086: 'int WINGDIAPI': redefinition
  (compiling source file 'Source.cpp')
  C:\Program Files (x86)\Windows Kits\10\Include\10.0.22621.0\um\GL\gl.h(1157,1):
  see declaration of 'WINGDIAPI'
  
C:\Program Files (x86)\Windows Kits\10\Include\10.0.22621.0\um\GL\gl.h(1172,16): error C2182: 'APIENTRY': this use of 'void' is not valid
  (compiling source file 'Source.cpp')
  
C:\Program Files (x86)\Windows Kits\10\Include\10.0.22621.0\um\GL\gl.h(1172,16): error C2086: 'int APIENTRY': redefinition
  (compiling source file 'Source.cpp')
  C:\Program Files (x86)\Windows Kits\10\Include\10.0.22621.0\um\GL\gl.h(1157,16):
  see declaration of 'APIENTRY'
  
C:\Program Files (x86)\Windows Kits\10\Include\10.0.22621.0\um\GL\gl.h(1172,25): error C2146: syntax error: missing ';' before identifier 'glClearStencil'
  (compiling source file 'Source.cpp')
  
C:\Program Files (x86)\Windows Kits\10\Include\10.0.22621.0\um\GL\gl.h(1172,49): error C4430: missing type specifier - int assumed. Note: C++ does not support default-int
  (compiling source file 'Source.cpp')
  
C:\Program Files (x86)\Windows Kits\10\Include\10.0.22621.0\um\GL\gl.h(1173,11): error C2144: syntax error: 'void' should be preceded by ';'
  (compiling source file 'Source.cpp')
  
C:\Program Files (x86)\Windows Kits\10\Include\10.0.22621.0\um\GL\gl.h(1173,16): error C4430: missing type specifier - int assumed. Note: C++ does not support default-int
  (compiling source file 'Source.cpp')
  
C:\Program Files (x86)\Windows Kits\10\Include\10.0.22621.0\um\GL\gl.h(1173,1): error C2086: 'int WINGDIAPI': redefinition
  (compiling source file 'Source.cpp')
  C:\Program Files (x86)\Windows Kits\10\Include\10.0.22621.0\um\GL\gl.h(1157,1):
  see declaration of 'WINGDIAPI'
  
C:\Program Files (x86)\Windows Kits\10\Include\10.0.22621.0\um\GL\gl.h(1173,16): error C2182: 'APIENTRY': this use of 'void' is not valid
  (compiling source file 'Source.cpp')
  
C:\Program Files (x86)\Windows Kits\10\Include\10.0.22621.0\um\GL\gl.h(1173,16): error C2086: 'int APIENTRY': redefinition
  (compiling source file 'Source.cpp')
  C:\Program Files (x86)\Windows Kits\10\Include\10.0.22621.0\um\GL\gl.h(1157,16):
  see declaration of 'APIENTRY'
  
C:\Program Files (x86)\Windows Kits\10\Include\10.0.22621.0\um\GL\gl.h(1173,25): error C2146: syntax error: missing ';' before identifier 'glClipPlane'
  (compiling source file 'Source.cpp')
  
C:\Program Files (x86)\Windows Kits\10\Include\10.0.22621.0\um\GL\gl.h(1173,77): error C4430: missing type specifier - int assumed. Note: C++ does not support default-int
  (compiling source file 'Source.cpp')
  
C:\Program Files (x86)\Windows Kits\10\Include\10.0.22621.0\um\GL\gl.h(1174,11): error C2144: syntax error: 'void' should be preceded by ';'
  (compiling source file 'Source.cpp')
  
C:\Program Files (x86)\Windows Kits\10\Include\10.0.22621.0\um\GL\gl.h(1174,16): error C4430: missing type specifier - int assumed. Note: C++ does not support default-int
  (compiling source file 'Source.cpp')
  
C:\Program Files (x86)\Windows Kits\10\Include\10.0.22621.0\um\GL\gl.h(1174,1): error C2086: 'int WINGDIAPI': redefinition
  (compiling source file 'Source.cpp')
  C:\Program Files (x86)\Windows Kits\10\Include\10.0.22621.0\um\GL\gl.h(1157,1):
  see declaration of 'WINGDIAPI'
  
C:\Program Files (x86)\Windows Kits\10\Include\10.0.22621.0\um\GL\gl.h(1174,16): error C2182: 'APIENTRY': this use of 'void' is not valid
  (compiling source file 'Source.cpp')
  
C:\Program Files (x86)\Windows Kits\10\Include\10.0.22621.0\um\GL\gl.h(1174,16): error C2086: 'int APIENTRY': redefinition
  (compiling source file 'Source.cpp')
  C:\Program Files (x86)\Windows Kits\10\Include\10.0.22621.0\um\GL\gl.h(1157,16):
  see declaration of 'APIENTRY'
  
C:\Program Files (x86)\Windows Kits\10\Include\10.0.22621.0\um\GL\gl.h(1174,25): error C2146: syntax error: missing ';' before identifier 'glColor3b'
  (compiling source file 'Source.cpp')
  
C:\Program Files (x86)\Windows Kits\10\Include\10.0.22621.0\um\GL\gl.h(1174,74): error C4430: missing type specifier - int assumed. Note: C++ does not support default-int
  (compiling source file 'Source.cpp')
  
C:\Program Files (x86)\Windows Kits\10\Include\10.0.22621.0\um\GL\gl.h(1175,11): error C2144: syntax error: 'void' should be preceded by ';'
  (compiling source file 'Source.cpp')
  
C:\Program Files (x86)\Windows Kits\10\Include\10.0.22621.0\um\GL\gl.h(1175,16): error C4430: missing type specifier - int assumed. Note: C++ does not support default-int
  (compiling source file 'Source.cpp')
  
C:\Program Files (x86)\Windows Kits\10\Include\10.0.22621.0\um\GL\gl.h(1175,1): error C2086: 'int WINGDIAPI': redefinition
  (compiling source file 'Source.cpp')
  C:\Program Files (x86)\Windows Kits\10\Include\10.0.22621.0\um\GL\gl.h(1157,1):
  see declaration of 'WINGDIAPI'
  
C:\Program Files (x86)\Windows Kits\10\Include\10.0.22621.0\um\GL\gl.h(1175,16): error C2182: 'APIENTRY': this use of 'void' is not valid
  (compiling source file 'Source.cpp')
  
C:\Program Files (x86)\Windows Kits\10\Include\10.0.22621.0\um\GL\gl.h(1175,16): error C2086: 'int APIENTRY': redefinition
  (compiling source file 'Source.cpp')
  C:\Program Files (x86)\Windows Kits\10\Include\10.0.22621.0\um\GL\gl.h(1157,16):
  see declaration of 'APIENTRY'
  
C:\Program Files (x86)\Windows Kits\10\Include\10.0.22621.0\um\GL\gl.h(1175,25): error C2146: syntax error: missing ';' before identifier 'glColor3bv'
  (compiling source file 'Source.cpp')
  
C:\Program Files (x86)\Windows Kits\10\Include\10.0.22621.0\um\GL\gl.h(1175,53): error C4430: missing type specifier - int assumed. Note: C++ does not support default-int
  (compiling source file 'Source.cpp')
  
C:\Program Files (x86)\Windows Kits\10\Include\10.0.22621.0\um\GL\gl.h(1176,11): error C2144: syntax error: 'void' should be preceded by ';'
  (compiling source file 'Source.cpp')
  
C:\Program Files (x86)\Windows Kits\10\Include\10.0.22621.0\um\GL\gl.h(1176,16): error C4430: missing type specifier - int assumed. Note: C++ does not support default-int
  (compiling source file 'Source.cpp')
  
C:\Program Files (x86)\Windows Kits\10\Include\10.0.22621.0\um\GL\gl.h(1176,1): error C2086: 'int WINGDIAPI': redefinition
  (compiling source file 'Source.cpp')
  C:\Program Files (x86)\Windows Kits\10\Include\10.0.22621.0\um\GL\gl.h(1157,1):
  see declaration of 'WINGDIAPI'
  
C:\Program Files (x86)\Windows Kits\10\Include\10.0.22621.0\um\GL\gl.h(1176,16): error C2182: 'APIENTRY': this use of 'void' is not valid
  (compiling source file 'Source.cpp')
  
C:\Program Files (x86)\Windows Kits\10\Include\10.0.22621.0\um\GL\gl.h(1176,16): error C2086: 'int APIENTRY': redefinition
  (compiling source file 'Source.cpp')
  C:\Program Files (x86)\Windows Kits\10\Include\10.0.22621.0\um\GL\gl.h(1157,16):
  see declaration of 'APIENTRY'
  
C:\Program Files (x86)\Windows Kits\10\Include\10.0.22621.0\um\GL\gl.h(1176,25): error C2146: syntax error: missing ';' before identifier 'glColor3d'
  (compiling source file 'Source.cpp')
  
C:\Program Files (x86)\Windows Kits\10\Include\10.0.22621.0\um\GL\gl.h(1176,80): error C4430: missing type specifier - int assumed. Note: C++ does not support default-int
  (compiling source file 'Source.cpp')
  
C:\Program Files (x86)\Windows Kits\10\Include\10.0.22621.0\um\GL\gl.h(1177,11): error C2144: syntax error: 'void' should be preceded by ';'
  (compiling source file 'Source.cpp')
  
C:\Program Files (x86)\Windows Kits\10\Include\10.0.22621.0\um\GL\gl.h(1177,16): error C4430: missing type specifier - int assumed. Note: C++ does not support default-int
  (compiling source file 'Source.cpp')
  
C:\Program Files (x86)\Windows Kits\10\Include\10.0.22621.0\um\GL\gl.h(1177,1): error C2086: 'int WINGDIAPI': redefinition
  (compiling source file 'Source.cpp')
  C:\Program Files (x86)\Windows Kits\10\Include\10.0.22621.0\um\GL\gl.h(1157,1):
  see declaration of 'WINGDIAPI'
  
C:\Program Files (x86)\Windows Kits\10\Include\10.0.22621.0\um\GL\gl.h(1177,16): error C2182: 'APIENTRY': this use of 'void' is not valid
  (compiling source file 'Source.cpp')
  
C:\Program Files (x86)\Windows Kits\10\Include\10.0.22621.0\um\GL\gl.h(1177,16): error C2086: 'int APIENTRY': redefinition
  (compiling source file 'Source.cpp')
  C:\Program Files (x86)\Windows Kits\10\Include\10.0.22621.0\um\GL\gl.h(1157,16):
  see declaration of 'APIENTRY'
  
C:\Program Files (x86)\Windows Kits\10\Include\10.0.22621.0\um\GL\gl.h(1177,25): error C2146: syntax error: missing ';' before identifier 'glColor3dv'
  (compiling source file 'Source.cpp')
  
C:\Program Files (x86)\Windows Kits\10\Include\10.0.22621.0\um\GL\gl.h(1177,55): error C4430: missing type specifier - int assumed. Note: C++ does not support default-int
  (compiling source file 'Source.cpp')
  
C:\Program Files (x86)\Windows Kits\10\Include\10.0.22621.0\um\GL\gl.h(1178,11): error C2144: syntax error: 'void' should be preceded by ';'
  (compiling source file 'Source.cpp')
  
C:\Program Files (x86)\Windows Kits\10\Include\10.0.22621.0\um\GL\gl.h(1178,11): error C1003: error count exceeds 100; stopping compilation
  (compiling source file 'Source.cpp')
  
